The system is: Windows - 10.0.22000 - AMD64
Compiling the C compiler identification source file "CMakeCCompilerId.c" succeeded.
Compiler: C:/Program Files (x86)/Microsoft Visual Studio/2019/Community/VC/Tools/MSVC/14.29.30133/bin/Hostx86/x86/cl.exe 
Build flags: 
Id flags:  

The output was:
0
Microsoft (R) C/C++ Optimizing Compiler Version 19.29.30136 for x86
Copyright (C) Microsoft Corporation.  All rights reserved.

CMakeCCompilerId.c
Microsoft (R) Incremental Linker Version 14.29.30136.0
Copyright (C) Microsoft Corporation.  All rights reserved.

/out:CMakeCCompilerId.exe 
CMakeCCompilerId.obj 


Compilation of the C compiler identification source "CMakeCCompilerId.c" produced "CMakeCCompilerId.exe"

Compilation of the C compiler identification source "CMakeCCompilerId.c" produced "CMakeCCompilerId.obj"

The C compiler identification is MSVC, found in "C:/Users/Sammy/CLionProjects/AutoCompleter/cmake-build-debug/CMakeFiles/3.20.2/CompilerIdC/CMakeCCompilerId.exe"

Compiling the CXX compiler identification source file "CMakeCXXCompilerId.cpp" succeeded.
Compiler: C:/Program Files (x86)/Microsoft Visual Studio/2019/Community/VC/Tools/MSVC/14.29.30133/bin/Hostx86/x86/cl.exe 
Build flags: 
Id flags:  

The output was:
0
Microsoft (R) C/C++ Optimizing Compiler Version 19.29.30136 for x86
Copyright (C) Microsoft Corporation.  All rights reserved.

CMakeCXXCompilerId.cpp
Microsoft (R) Incremental Linker Version 14.29.30136.0
Copyright (C) Microsoft Corporation.  All rights reserved.

/out:CMakeCXXCompilerId.exe 
CMakeCXXCompilerId.obj 


Compilation of the CXX compiler identification source "CMakeCXXCompilerId.cpp" produced "CMakeCXXCompilerId.exe"

Compilation of the CXX compiler identification source "CMakeCXXCompilerId.cpp" produced "CMakeCXXCompilerId.obj"

The CXX compiler identification is MSVC, found in "C:/Users/Sammy/CLionProjects/AutoCompleter/cmake-build-debug/CMakeFiles/3.20.2/CompilerIdCXX/CMakeCXXCompilerId.exe"

Detecting C compiler ABI info compiled with the following output:
Change Dir: C:/Users/Sammy/CLionProjects/AutoCompleter/cmake-build-debug/CMakeFiles/CMakeTmp

Run Build Command(s):nmake -f Makefile /nologo cmTC_2e73f\fast && 	"C:\Program Files (x86)\Microsoft Visual Studio\2019\Community\VC\Tools\MSVC\14.29.30133\bin\HostX86\x86\nmake.exe"  -f CMakeFiles\cmTC_2e73f.dir\build.make /nologo -L                  CMakeFiles\cmTC_2e73f.dir\build
Building C object CMakeFiles/cmTC_2e73f.dir/CMakeCCompilerABI.c.obj
	C:\Users\Sammy\AppData\Local\JetBrains\Toolbox\apps\CLion\ch-0\212.5284.51\bin\cmake\win\bin\cmake.exe -E cmake_cl_compile_depends --dep-file=CMakeFiles\cmTC_2e73f.dir\CMakeCCompilerABI.c.obj.d --working-dir=C:\Users\Sammy\CLionProjects\AutoCompleter\cmake-build-debug\CMakeFiles\CMakeTmp --filter-prefix="" -- "C:\PROGRA~2\Microsoft Visual Studio\2019\Community\VC\Tools\MSVC\14.29.30133\bin\Hostx86\x86\cl.exe" @C:\Users\Sammy\AppData\Local\Temp\nmE814.tmp
Linking C executable cmTC_2e73f.exe
	C:\Users\Sammy\AppData\Local\JetBrains\Toolbox\apps\CLion\ch-0\212.5284.51\bin\cmake\win\bin\cmake.exe -E vs_link_exe --intdir=CMakeFiles\cmTC_2e73f.dir --rc="C:\PROGRA~2\Windows Kits\10\bin\10.0.19041.0\x86\rc.exe" --mt="C:\PROGRA~2\Windows Kits\10\bin\10.0.19041.0\x86\mt.exe" --manifests -- "C:\PROGRA~2\Microsoft Visual Studio\2019\Community\VC\Tools\MSVC\14.29.30133\bin\Hostx86\x86\link.exe" /nologo @CMakeFiles\cmTC_2e73f.dir\objects1.rsp @C:\Users\Sammy\AppData\Local\Temp\nmE9AB.tmp



Detecting CXX compiler ABI info compiled with the following output:
Change Dir: C:/Users/Sammy/CLionProjects/AutoCompleter/cmake-build-debug/CMakeFiles/CMakeTmp

Run Build Command(s):nmake -f Makefile /nologo cmTC_c2a7d\fast && 	"C:\Program Files (x86)\Microsoft Visual Studio\2019\Community\VC\Tools\MSVC\14.29.30133\bin\HostX86\x86\nmake.exe"  -f CMakeFiles\cmTC_c2a7d.dir\build.make /nologo -L                  CMakeFiles\cmTC_c2a7d.dir\build
Building CXX object CMakeFiles/cmTC_c2a7d.dir/CMakeCXXCompilerABI.cpp.obj
	C:\Users\Sammy\AppData\Local\JetBrains\Toolbox\apps\CLion\ch-0\212.5284.51\bin\cmake\win\bin\cmake.exe -E cmake_cl_compile_depends --dep-file=CMakeFiles\cmTC_c2a7d.dir\CMakeCXXCompilerABI.cpp.obj.d --working-dir=C:\Users\Sammy\CLionProjects\AutoCompleter\cmake-build-debug\CMakeFiles\CMakeTmp --filter-prefix="" -- "C:\PROGRA~2\Microsoft Visual Studio\2019\Community\VC\Tools\MSVC\14.29.30133\bin\Hostx86\x86\cl.exe" @C:\Users\Sammy\AppData\Local\Temp\nmED15.tmp
Linking CXX executable cmTC_c2a7d.exe
	C:\Users\Sammy\AppData\Local\JetBrains\Toolbox\apps\CLion\ch-0\212.5284.51\bin\cmake\win\bin\cmake.exe -E vs_link_exe --intdir=CMakeFiles\cmTC_c2a7d.dir --rc="C:\PROGRA~2\Windows Kits\10\bin\10.0.19041.0\x86\rc.exe" --mt="C:\PROGRA~2\Windows Kits\10\bin\10.0.19041.0\x86\mt.exe" --manifests -- "C:\PROGRA~2\Microsoft Visual Studio\2019\Community\VC\Tools\MSVC\14.29.30133\bin\Hostx86\x86\link.exe" /nologo @CMakeFiles\cmTC_c2a7d.dir\objects1.rsp @C:\Users\Sammy\AppData\Local\Temp\nmED93.tmp



